  main.cpp
E:\c++\mondelset\mondelset\main.cpp(26,35): warning C4838: Преобразование из "_Ty" в "float" требует сужающего преобразования.
          with
          [
              _Ty=double
          ]
E:\c++\mondelset\mondelset\main.cpp(26,35): warning C4244: инициализация: преобразование "_Ty" в "float", возможна потеря данных
          with
          [
              _Ty=double
          ]
E:\c++\mondelset\mondelset\main.cpp(26,50): warning C4838: Преобразование из "_Ty" в "float" требует сужающего преобразования.
          with
          [
              _Ty=double
          ]
E:\c++\mondelset\mondelset\main.cpp(26,50): warning C4244: инициализация: преобразование "_Ty" в "float", возможна потеря данных
          with
          [
              _Ty=double
          ]
E:\c++\mondelset\mondelset\main.cpp(30,27): warning C4244: аргумент: преобразование "double" в "GLfloat", возможна потеря данных
  Создание кода
  1 of 247 functions ( 0.4%) were compiled, the rest were copied from previous compilation.
    0 functions were new in current compilation
    1 functions had inline decision re-evaluated but remain unchanged
  Создание кода завершено
  mondelset.vcxproj -> E:\c++\mondelset\x64\Release\mondelset.exe
